<?xml version="1.0" encoding="UTF-8"?>
<testsuite name="cn.com.taiji.SpringWebOneApplicationTests" time="0.116" tests="1" errors="0" skipped="0" failures="0">
  <properties>
    <property name="java.runtime.name" value="Java(TM) SE Runtime Environment"/>
    <property name="sun.boot.library.path" value="G:\jdk\bin"/>
    <property name="java.vm.version" value="25.131-b11"/>
    <property name="java.vm.vendor" value="Oracle Corporation"/>
    <property name="maven.multiModuleProjectDirectory" value="F:\taiji\fiveday\project\Spring-web-one"/>
    <property name="java.vendor.url" value="http://java.oracle.com/"/>
    <property name="path.separator" value=";"/>
    <property name="guice.disable.misplaced.annotation.check" value="true"/>
    <property name="java.vm.name" value="Java HotSpot(TM) 64-Bit Server VM"/>
    <property name="file.encoding.pkg" value="sun.io"/>
    <property name="user.script" value=""/>
    <property name="user.country" value="CN"/>
    <property name="sun.java.launcher" value="SUN_STANDARD"/>
    <property name="sun.os.patch.level" value=""/>
    <property name="java.vm.specification.name" value="Java Virtual Machine Specification"/>
    <property name="user.dir" value="F:\taiji\fiveday\project\Spring-web-one"/>
    <property name="java.runtime.version" value="1.8.0_131-b11"/>
    <property name="java.awt.graphicsenv" value="sun.awt.Win32GraphicsEnvironment"/>
    <property name="java.endorsed.dirs" value="G:\jdk\lib\endorsed"/>
    <property name="os.arch" value="amd64"/>
    <property name="java.io.tmpdir" value="C:\Users\1\AppData\Local\Temp\"/>
    <property name="line.separator" value="&#10;"/>
    <property name="java.vm.specification.vendor" value="Oracle Corporation"/>
    <property name="user.variant" value=""/>
    <property name="os.name" value="Windows 10"/>
    <property name="classworlds.conf" value="F:\taiji\fiveday\workspace\.metadata\.plugins\org.eclipse.m2e.launching\launches\m2conf1979059815256649653.tmp"/>
    <property name="sun.jnu.encoding" value="GBK"/>
    <property name="java.library.path" value="G:\jdk\bin;C:\WINDOWS\Sun\Java\bin;C:\WINDOWS\system32;C:\WINDOWS;G:/jdk/bin/server;G:/jdk/bin;G:/jdk/lib/amd64;%APPCAN_PATH%;C:\ProgramData\Oracle\Java\javapath;C:\WINDOWS\system32;C:\WINDOWS;C:\WINDOWS\System32\Wbem;C:\WINDOWS\System32\WindowsPowerShell\v1.0\;C:\WINDOWS\System32\OpenSSH\;G:\New Folder\bin;H:\sql(1)\120\DTS\Binn\;H:\sql(1)\Client SDK\ODBC\110\Tools\Binn\;H:\sql(2)\120\Tools\Binn\;H:\sql(1)\120\Tools\Binn\;H:\sql(2)\120\Tools\Binn\ManagementStudio\;H:\sql(2)\120\DTS\Binn\;H:\Dreamweaver\apache-tomcat-8.5.4\lib;H:\Dreamweaver\apache-tomcat-8.5.4\bin;G:\git\Git\cmd;G:\maven\apache-maven-3.6.1-bin\apache-maven-3.6.1\bin;C:\Users\1\AppData\Local\Microsoft\WindowsApps;;G:\sts\spring-tool-suite-3.9.3.RELEASE-e4.7.3-win32-x86_64\sts-bundle\sts-3.9.3.RELEASE;;."/>
    <property name="java.specification.name" value="Java Platform API Specification"/>
    <property name="java.class.version" value="52.0"/>
    <property name="sun.management.compiler" value="HotSpot 64-Bit Tiered Compilers"/>
    <property name="os.version" value="10.0"/>
    <property name="user.home" value="C:\Users\1"/>
    <property name="user.timezone" value="Asia/Shanghai"/>
    <property name="java.awt.printerjob" value="sun.awt.windows.WPrinterJob"/>
    <property name="java.specification.version" value="1.8"/>
    <property name="file.encoding" value="utf-8"/>
    <property name="user.name" value="1"/>
    <property name="java.class.path" value="G:\sts\spring-tool-suite-3.9.3.RELEASE-e4.7.3-win32-x86_64\sts-bundle\sts-3.9.3.RELEASE\plugins\org.eclipse.m2e.maven.runtime_1.8.3.20180227-2135\jars\plexus-classworlds-2.5.2.jar"/>
    <property name="java.vm.specification.version" value="1.8"/>
    <property name="sun.arch.data.model" value="64"/>
    <property name="java.home" value="G:\jdk"/>
    <property name="sun.java.command" value="org.codehaus.plexus.classworlds.launcher.Launcher -Ppom.xml -B -s C:\Users\1\.m2\settings.xml install"/>
    <property name="java.specification.vendor" value="Oracle Corporation"/>
    <property name="user.language" value="zh"/>
    <property name="awt.toolkit" value="sun.awt.windows.WToolkit"/>
    <property name="java.vm.info" value="mixed mode"/>
    <property name="java.version" value="1.8.0_131"/>
    <property name="java.ext.dirs" value="G:\jdk\lib\ext;C:\WINDOWS\Sun\Java\lib\ext"/>
    <property name="sun.boot.class.path" value="G:\jdk\lib\resources.jar;G:\jdk\lib\rt.jar;G:\jdk\lib\sunrsasign.jar;G:\jdk\lib\jsse.jar;G:\jdk\lib\jce.jar;G:\jdk\lib\charsets.jar;G:\jdk\lib\jfr.jar;G:\jdk\classes"/>
    <property name="java.vendor" value="Oracle Corporation"/>
    <property name="maven.home" value="F:\taiji\fiveday\project\Spring-web-one\EMBEDDED"/>
    <property name="file.separator" value="\"/>
    <property name="java.vendor.url.bug" value="http://bugreport.sun.com/bugreport/"/>
    <property name="sun.cpu.endian" value="little"/>
    <property name="sun.io.unicode.encoding" value="UnicodeLittle"/>
    <property name="sun.desktop" value="windows"/>
    <property name="sun.cpu.isalist" value="amd64"/>
  </properties>
  <testcase name="contextLoads" classname="cn.com.taiji.SpringWebOneApplicationTests" time="0.116"/>
</testsuite>